<component name="libraryTable">
  <library name="junit-4.9">
    <CLASSES>
      <root url="jar://$PROJECT_DIR$/src/day24/Junit1/libs/junit-4.9.jar!/" />
    </CLASSES>
    <JAVADOC />
    <SOURCES />
  </library>
</component>